[debug] [2023-01-12T20:09:50.339Z] ----------------------------------------------------------------------
[debug] [2023-01-12T20:09:50.346Z] Command:       C:\Program Files\nodejs\node.exe C:\Users\Viviamor\AppData\Roaming\npm\node_modules\firebase-tools\lib\bin\firebase.js init
[debug] [2023-01-12T20:09:50.349Z] CLI Version:   11.20.0
[debug] [2023-01-12T20:09:50.350Z] Platform:      win32
[debug] [2023-01-12T20:09:50.350Z] Node Version:  v18.12.1
[debug] [2023-01-12T20:09:50.352Z] Time:          Thu Jan 12 2023 17:09:50 GMT-0300 (hora estándar de Argentina)
[debug] [2023-01-12T20:09:50.354Z] ----------------------------------------------------------------------
[debug] 
[debug] [2023-01-12T20:09:50.664Z] > command requires scopes: ["email","openid","https://www.googleapis.com/auth/cloudplatformprojects.readonly","https://www.googleapis.com/auth/firebase","https://www.googleapis.com/auth/cloud-platform"]
[debug] [2023-01-12T20:09:50.666Z] > authorizing via signed-in user (princesachocolate1990@gmail.com)
[info] 
     ######## #### ########  ######## ########     ###     ######  ########
     ##        ##  ##     ## ##       ##     ##  ##   ##  ##       ##
     ######    ##  ########  ######   ########  #########  ######  ######
     ##        ##  ##    ##  ##       ##     ## ##     ##       ## ##
     ##       #### ##     ## ######## ########  ##     ##  ######  ########

You're about to initialize a Firebase project in this directory:

  C:\Users\Viviamor\Desktop\PROTF-FRONT

Before we get started, keep in mind:

  * You are initializing within an existing Firebase project directory

[info] 
=== Project Setup
[info] 
[info] First, let's associate this project directory with a Firebase project.
[info] You can create multiple project aliases by running firebase use --add, 
[info] but for now we'll just set up a default project.
[info] 
[debug] [2023-01-12T20:10:36.265Z] Using project from CLI flag: portfolio-viviana-roa
[debug] [2023-01-12T20:10:36.273Z] > refreshing access token with scopes: []
[debug] [2023-01-12T20:10:36.284Z] >>> [apiv2][query] POST https://www.googleapis.com/oauth2/v3/token [none]
[debug] [2023-01-12T20:10:36.285Z] >>> [apiv2][body] POST https://www.googleapis.com/oauth2/v3/token [omitted]
[debug] [2023-01-12T20:10:37.293Z] <<< [apiv2][status] POST https://www.googleapis.com/oauth2/v3/token 200
[debug] [2023-01-12T20:10:37.294Z] <<< [apiv2][body] POST https://www.googleapis.com/oauth2/v3/token [omitted]
[debug] [2023-01-12T20:10:37.323Z] >>> [apiv2][query] GET https://firebase.googleapis.com/v1beta1/projects/portfolio-viviana-roa [none]
[debug] [2023-01-12T20:10:38.310Z] <<< [apiv2][status] GET https://firebase.googleapis.com/v1beta1/projects/portfolio-viviana-roa 200
[debug] [2023-01-12T20:10:38.313Z] <<< [apiv2][body] GET https://firebase.googleapis.com/v1beta1/projects/portfolio-viviana-roa {"projectId":"portfolio-viviana-roa","projectNumber":"247257071359","displayName":"Portfolio Viviana Roa","name":"projects/portfolio-viviana-roa","resources":{"hostingSite":"portfolio-viviana-roa"},"state":"ACTIVE","etag":"1_a57e8e3a-fa40-41a4-99da-958f70203594"}
[info] i  Using project portfolio-viviana-roa (Portfolio Viviana Roa) 
[info] 
=== Hosting Setup
[info] 
[info] Your public directory is the folder (relative to your project directory) that
[info] will contain Hosting assets to be uploaded with firebase deploy. If you
[info] have a build process for your assets, use your build's output directory.
[info] 
[info] +  Wrote public/404.html 
[debug] [2023-01-12T20:11:27.960Z] >>> [apiv2][query] GET https://www.gstatic.com/firebasejs/releases.json [none]
[debug] [2023-01-12T20:11:28.595Z] <<< [apiv2][status] GET https://www.gstatic.com/firebasejs/releases.json 200
[debug] [2023-01-12T20:11:28.595Z] <<< [apiv2][body] GET https://www.gstatic.com/firebasejs/releases.json {"current":{"version":"9.15.0","browserURL":"https://www.gstatic.com/firebasejs/9.15.0/firebase.js","packageURL":"https://www.gstatic.com/firebasejs/9.15.0/firebase.tgz"},"live":{"version":"9.15","browserURL":"https://www.gstatic.com/firebasejs/live/9.15/firebase.js","packageURL":"https://www.gstatic.com/firebasejs/live/9.15/firebase.tgz"},"components":{"analytics":"https://www.gstatic.com/firebasejs/9.15.0/firebase-analytics.js","app":"https://www.gstatic.com/firebasejs/9.15.0/firebase-app.js","app-check":"https://www.gstatic.com/firebasejs/9.15.0/firebase-app-check.js","auth":"https://www.gstatic.com/firebasejs/9.15.0/firebase-auth.js","auth/cordova":"https://www.gstatic.com/firebasejs/9.15.0/firebase-auth/cordova.js","auth/react-native":"https://www.gstatic.com/firebasejs/9.15.0/firebase-auth/react-native.js","functions":"https://www.gstatic.com/firebasejs/9.15.0/firebase-functions.js","firestore":"https://www.gstatic.com/firebasejs/9.15.0/firebase-firestore.js","firestore/lite":"https://www.gstatic.com/firebasejs/9.15.0/firebase-firestore/lite.js","installations":"https://www.gstatic.com/firebasejs/9.15.0/firebase-installations.js","storage":"https://www.gstatic.com/firebasejs/9.15.0/firebase-storage.js","performance":"https://www.gstatic.com/firebasejs/9.15.0/firebase-performance.js","remote-config":"https://www.gstatic.com/firebasejs/9.15.0/firebase-remote-config.js","messaging":"https://www.gstatic.com/firebasejs/9.15.0/firebase-messaging.js","messaging/sw":"https://www.gstatic.com/firebasejs/9.15.0/firebase-messaging/sw.js","database":"https://www.gstatic.com/firebasejs/9.15.0/firebase-database.js","firestore.memory":"https://www.gstatic.com/firebasejs/9.15.0/firebase-firestore.memory.js"}}
[info] +  Wrote public/index.html 
[info] 
[info] i  Didn't detect a .git folder. Assuming C:\Users\Viviamor\Desktop\PROTF-FRONT is the project root. 
[info] i  Authorizing with GitHub to upload your service account to a GitHub repository's secrets store. 
[info] 
[info] Visit this URL on this device to log in:
[info] https://github.com/login/oauth/authorize?client_id=89cf50f02ac6aaed3484&state=982821514&redirect_uri=http%3A%2F%2Flocalhost%3A9005&scope=read%3Auser%20repo%20public_repo
[info] 
[info] Waiting for authentication...
[debug] [2023-01-12T20:12:17.819Z] >>> [apiv2][query] POST https://github.com/login/oauth/access_token [none]
[debug] [2023-01-12T20:12:17.820Z] >>> [apiv2][body] POST https://github.com/login/oauth/access_token [stream]
[debug] [2023-01-12T20:12:19.141Z] <<< [apiv2][status] POST https://github.com/login/oauth/access_token 200
[debug] [2023-01-12T20:12:19.143Z] <<< [apiv2][body] POST https://github.com/login/oauth/access_token {"access_token":"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","token_type":"bearer","scope":"read:user,repo"}
[debug] [2023-01-12T20:12:19.179Z] >>> [apiv2][query] GET https://api.github.com/user [none]
[debug] [2023-01-12T20:12:21.932Z] <<< [apiv2][status] GET https://api.github.com/user 200
[debug] [2023-01-12T20:12:21.934Z] <<< [apiv2][body] GET https://api.github.com/user {"login":"RoaViviana","id":108878759,"node_id":"U_kgDOBn1bpw","avatar_url":"https://avatars.githubusercontent.com/u/108878759?v=4","gravatar_id":"","url":"https://api.github.com/users/RoaViviana","html_url":"https://github.com/RoaViviana","followers_url":"https://api.github.com/users/RoaViviana/followers","following_url":"https://api.github.com/users/RoaViviana/following{/other_user}","gists_url":"https://api.github.com/users/RoaViviana/gists{/gist_id}","starred_url":"https://api.github.com/users/RoaViviana/starred{/owner}{/repo}","subscriptions_url":"https://api.github.com/users/RoaViviana/subscriptions","organizations_url":"https://api.github.com/users/RoaViviana/orgs","repos_url":"https://api.github.com/users/RoaViviana/repos","events_url":"https://api.github.com/users/RoaViviana/events{/privacy}","received_events_url":"https://api.github.com/users/RoaViviana/received_events","type":"User","site_admin":false,"name":null,"company":null,"blog":"","location":null,"email":null,"hireable":null,"bio":null,"twitter_username":null,"public_repos":8,"public_gists":0,"followers":0,"following":1,"created_at":"2022-07-07T12:57:52Z","updated_at":"2022-12-06T01:41:06Z","private_gists":0,"total_private_repos":0,"owned_private_repos":0,"disk_usage":17947,"collaborators":0,"two_factor_authentication":false,"plan":{"name":"free","space":976562499,"collaborators":0,"private_repos":10000}}
[info] 
[info] +  Success! Logged into GitHub as RoaViviana 
[info] 
